<?xml version="1.0" encoding="UTF-8"?>
<!-- Generated by org.testng.reporters.JUnitReportReporter -->
<testsuite hostname="LPBIHSIND0984" failures="0" tests="4" name="Programs.Tstngday4college" time="0.004" errors="0" timestamp="2024-01-11T12:14:16 IST" skipped="0">
  <testcase classname="Programs.Tstngday4college" name="lab" time="0.000"/>
  <system-out/>
  <testcase classname="Programs.Tstngday4college" name="branch" time="0.002"/>
  <system-out/>
  <testcase classname="Programs.Tstngday4college" name="branch" time="0.002"/>
  <system-out/>
  <testcase classname="Programs.Tstngday4college" name="branch" time="0.000"/>
  <system-out/>
</testsuite> <!-- Programs.Tstngday4college -->
