<?xml version="1.0" encoding="UTF-8"?>
<!-- Generated by org.testng.reporters.JUnitReportReporter -->
<testsuite hostname="LPBIHSIND0984" failures="0" tests="1" name="Programs.lrntstng" time="0.011" errors="0" timestamp="2024-09-23T15:30:05 IST" skipped="0">
  <testcase classname="Programs.lrntstng" name="test" time="0.011"/>
  <system-out/>
</testsuite> <!-- Programs.lrntstng -->
