<?xml version="1.0" encoding="UTF-8"?>
<!-- Generated by org.testng.reporters.JUnitReportReporter -->
<testsuite hostname="LPBIHSIND0984" failures="0" tests="1" name="Programs.Inheritanceschool" time="0.006" errors="0" timestamp="2024-01-11T14:27:43 IST" skipped="0">
  <testcase classname="Programs.Inheritanceschool" name="standard" time="0.006"/>
  <system-out/>
</testsuite> <!-- Programs.Inheritanceschool -->
