<?xml version="1.0" encoding="UTF-8"?>
<!-- Generated by org.testng.reporters.JUnitReportReporter -->
<testsuite hostname="LPBIHSIND0984" failures="0" tests="1" name="Programs.Inheritancecllge" time="0.009" errors="0" timestamp="2024-01-11T14:32:02 IST" skipped="0">
  <testcase classname="Programs.Inheritancecllge" name="branch" time="0.009"/>
  <system-out/>
</testsuite> <!-- Programs.Inheritancecllge -->
