<?xml version="1.0" encoding="UTF-8"?>
<!-- Generated by org.testng.reporters.JUnitReportReporter -->
<testsuite hostname="LPBIHSIND0984" failures="0" tests="3" name="Programs.tsngday1" time="0.011" errors="0" timestamp="2024-01-09T10:57:19 IST" skipped="0">
  <testcase classname="Programs.tsngday1" name="Loginapp" time="0.003"/>
  <system-out/>
  <testcase classname="Programs.tsngday1" name="Loginweb" time="0.002"/>
  <system-out/>
  <testcase classname="Programs.tsngday1" name="Loginapi" time="0.006"/>
  <system-out/>
</testsuite> <!-- Programs.tsngday1 -->
