<?xml version="1.0" encoding="UTF-8"?>
<!-- Generated by org.testng.reporters.JUnitReportReporter -->
<testsuite hostname="LPBIHSIND0984" failures="0" tests="1" name="Programs.tsngday2" time="0.003" errors="0" timestamp="2024-01-09T10:57:19 IST" skipped="0">
  <testcase classname="Programs.tsngday2" name="day2" time="0.003"/>
  <system-out/>
</testsuite> <!-- Programs.tsngday2 -->
